{"C:\\Project-swu\\backend\\server.js": {"path":"C:\\Project-swu\\backend\\server.js","statementMap":{"0":{"start":{"line":1,"column":16},"end":{"line":1,"column":34}},"1":{"start":{"line":2,"column":15},"end":{"line":2,"column":32}},"2":{"start":{"line":3,"column":13},"end":{"line":3,"column":28}},"3":{"start":{"line":4,"column":17},"end":{"line":4,"column":36}},"4":{"start":{"line":5,"column":0},"end":{"line":5,"column":27}},"5":{"start":{"line":7,"column":18},"end":{"line":7,"column":42}},"6":{"start":{"line":8,"column":23},"end":{"line":8,"column":52}},"7":{"start":{"line":9,"column":22},"end":{"line":9,"column":49}},"8":{"start":{"line":11,"column":12},"end":{"line":11,"column":21}},"9":{"start":{"line":13,"column":0},"end":{"line":17,"column":34}},"10":{"start":{"line":16,"column":14},"end":{"line":16,"column":47}},"11":{"start":{"line":17,"column":16},"end":{"line":17,"column":32}},"12":{"start":{"line":19,"column":0},"end":{"line":19,"column":24}},"13":{"start":{"line":20,"column":0},"end":{"line":20,"column":16}},"14":{"start":{"line":21,"column":0},"end":{"line":21,"column":23}},"15":{"start":{"line":23,"column":0},"end":{"line":23,"column":27}},"16":{"start":{"line":24,"column":0},"end":{"line":24,"column":32}},"17":{"start":{"line":25,"column":0},"end":{"line":25,"column":31}},"18":{"start":{"line":27,"column":13},"end":{"line":27,"column":37}},"19":{"start":{"line":28,"column":0},"end":{"line":28,"column":68}},"20":{"start":{"line":28,"column":23},"end":{"line":28,"column":66}},"21":{"start":{"line":30,"column":0},"end":{"line":30,"column":21}}},"fnMap":{"0":{"name":"(anonymous_0)","decl":{"start":{"line":16,"column":8},"end":{"line":16,"column":9}},"loc":{"start":{"line":16,"column":14},"end":{"line":16,"column":47}},"line":16},"1":{"name":"(anonymous_1)","decl":{"start":{"line":17,"column":7},"end":{"line":17,"column":8}},"loc":{"start":{"line":17,"column":16},"end":{"line":17,"column":32}},"line":17},"2":{"name":"(anonymous_2)","decl":{"start":{"line":28,"column":17},"end":{"line":28,"column":18}},"loc":{"start":{"line":28,"column":23},"end":{"line":28,"column":66}},"line":28}},"branchMap":{"0":{"loc":{"start":{"line":27,"column":13},"end":{"line":27,"column":37}},"type":"binary-expr","locations":[{"start":{"line":27,"column":13},"end":{"line":27,"column":29}},{"start":{"line":27,"column":33},"end":{"line":27,"column":37}}],"line":27}},"s":{"0":1,"1":1,"2":1,"3":1,"4":1,"5":1,"6":1,"7":1,"8":1,"9":1,"10":0,"11":0,"12":1,"13":1,"14":1,"15":1,"16":1,"17":1,"18":1,"19":1,"20":1,"21":1},"f":{"0":0,"1":0,"2":1},"b":{"0":[1,0]},"_coverageSchema":"1a1c01bbd47fc00a2c39e90264f33305004495a9","hash":"49aebeb72db505759dd63432a2f546816dd1450e"}
,"C:\\Project-swu\\backend\\controllers\\authController.js": {"path":"C:\\Project-swu\\backend\\controllers\\authController.js","statementMap":{"0":{"start":{"line":1,"column":14},"end":{"line":1,"column":40}},"1":{"start":{"line":2,"column":15},"end":{"line":2,"column":32}},"2":{"start":{"line":3,"column":12},"end":{"line":3,"column":35}},"3":{"start":{"line":4,"column":19},"end":{"line":4,"column":41}},"4":{"start":{"line":6,"column":0},"end":{"line":27,"column":1}},"5":{"start":{"line":7,"column":42},"end":{"line":7,"column":50}},"6":{"start":{"line":8,"column":17},"end":{"line":8,"column":23}},"7":{"start":{"line":10,"column":4},"end":{"line":15,"column":5}},"8":{"start":{"line":12,"column":12},"end":{"line":12,"column":68}},"9":{"start":{"line":14,"column":12},"end":{"line":14,"column":71}},"10":{"start":{"line":17,"column":4},"end":{"line":26,"column":5}},"11":{"start":{"line":18,"column":21},"end":{"line":18,"column":76}},"12":{"start":{"line":19,"column":8},"end":{"line":19,"column":23}},"13":{"start":{"line":21,"column":8},"end":{"line":25,"column":9}},"14":{"start":{"line":22,"column":12},"end":{"line":22,"column":73}},"15":{"start":{"line":24,"column":12},"end":{"line":24,"column":57}},"16":{"start":{"line":29,"column":0},"end":{"line":57,"column":1}},"17":{"start":{"line":30,"column":32},"end":{"line":30,"column":40}},"18":{"start":{"line":32,"column":4},"end":{"line":34,"column":5}},"19":{"start":{"line":33,"column":8},"end":{"line":33,"column":82}},"20":{"start":{"line":36,"column":4},"end":{"line":56,"column":11}},"21":{"start":{"line":38,"column":12},"end":{"line":40,"column":13}},"22":{"start":{"line":39,"column":16},"end":{"line":39,"column":73}},"23":{"start":{"line":41,"column":29},"end":{"line":41,"column":42}},"24":{"start":{"line":43,"column":12},"end":{"line":53,"column":15}},"25":{"start":{"line":44,"column":16},"end":{"line":50,"column":17}},"26":{"start":{"line":45,"column":34},"end":{"line":46,"column":68}},"27":{"start":{"line":47,"column":20},"end":{"line":47,"column":57}},"28":{"start":{"line":49,"column":20},"end":{"line":49,"column":81}},"29":{"start":{"line":52,"column":16},"end":{"line":52,"column":80}},"30":{"start":{"line":55,"column":12},"end":{"line":55,"column":76}},"31":{"start":{"line":59,"column":0},"end":{"line":63,"column":2}}},"fnMap":{"0":{"name":"(anonymous_0)","decl":{"start":{"line":6,"column":24},"end":{"line":6,"column":25}},"loc":{"start":{"line":6,"column":44},"end":{"line":27,"column":1}},"line":6},"1":{"name":"(anonymous_1)","decl":{"start":{"line":29,"column":16},"end":{"line":29,"column":17}},"loc":{"start":{"line":29,"column":36},"end":{"line":57,"column":1}},"line":29},"2":{"name":"(anonymous_2)","decl":{"start":{"line":37,"column":14},"end":{"line":37,"column":15}},"loc":{"start":{"line":37,"column":24},"end":{"line":54,"column":9}},"line":37},"3":{"name":"(anonymous_3)","decl":{"start":{"line":43,"column":57},"end":{"line":43,"column":58}},"loc":{"start":{"line":43,"column":68},"end":{"line":51,"column":13}},"line":43},"4":{"name":"(anonymous_4)","decl":{"start":{"line":51,"column":21},"end":{"line":51,"column":22}},"loc":{"start":{"line":51,"column":32},"end":{"line":53,"column":13}},"line":51},"5":{"name":"(anonymous_5)","decl":{"start":{"line":54,"column":17},"end":{"line":54,"column":18}},"loc":{"start":{"line":54,"column":28},"end":{"line":56,"column":9}},"line":54}},"branchMap":{"0":{"loc":{"start":{"line":10,"column":4},"end":{"line":15,"column":5}},"type":"switch","locations":[{"start":{"line":11,"column":8},"end":{"line":12,"column":68}},{"start":{"line":13,"column":8},"end":{"line":14,"column":71}}],"line":10},"1":{"loc":{"start":{"line":21,"column":8},"end":{"line":25,"column":9}},"type":"if","locations":[{"start":{"line":21,"column":8},"end":{"line":25,"column":9}},{"start":{"line":23,"column":15},"end":{"line":25,"column":9}}],"line":21},"2":{"loc":{"start":{"line":32,"column":4},"end":{"line":34,"column":5}},"type":"if","locations":[{"start":{"line":32,"column":4},"end":{"line":34,"column":5}},{"start":{},"end":{}}],"line":32},"3":{"loc":{"start":{"line":32,"column":8},"end":{"line":32,"column":27}},"type":"binary-expr","locations":[{"start":{"line":32,"column":8},"end":{"line":32,"column":14}},{"start":{"line":32,"column":18},"end":{"line":32,"column":27}}],"line":32},"4":{"loc":{"start":{"line":38,"column":12},"end":{"line":40,"column":13}},"type":"if","locations":[{"start":{"line":38,"column":12},"end":{"line":40,"column":13}},{"start":{},"end":{}}],"line":38},"5":{"loc":{"start":{"line":44,"column":16},"end":{"line":50,"column":17}},"type":"if","locations":[{"start":{"line":44,"column":16},"end":{"line":50,"column":17}},{"start":{"line":48,"column":23},"end":{"line":50,"column":17}}],"line":44}},"s":{"0":1,"1":1,"2":1,"3":1,"4":1,"5":0,"6":0,"7":0,"8":0,"9":0,"10":0,"11":0,"12":0,"13":0,"14":0,"15":0,"16":1,"17":0,"18":0,"19":0,"20":0,"21":0,"22":0,"23":0,"24":0,"25":0,"26":0,"27":0,"28":0,"29":0,"30":0,"31":1},"f":{"0":0,"1":0,"2":0,"3":0,"4":0,"5":0},"b":{"0":[0,0],"1":[0,0],"2":[0,0],"3":[0,0],"4":[0,0],"5":[0,0]},"_coverageSchema":"1a1c01bbd47fc00a2c39e90264f33305004495a9","hash":"900eb52d3b18b89422654676242cf6e1a01be3bc"}
,"C:\\Project-swu\\backend\\controllers\\commentController.js": {"path":"C:\\Project-swu\\backend\\controllers\\commentController.js","statementMap":{"0":{"start":{"line":1,"column":17},"end":{"line":1,"column":46}},"1":{"start":{"line":3,"column":0},"end":{"line":16,"column":1}},"2":{"start":{"line":4,"column":38},"end":{"line":4,"column":46}},"3":{"start":{"line":6,"column":4},"end":{"line":9,"column":5}},"4":{"start":{"line":8,"column":12},"end":{"line":8,"column":68}},"5":{"start":{"line":10,"column":4},"end":{"line":15,"column":5}},"6":{"start":{"line":11,"column":24},"end":{"line":11,"column":72}},"7":{"start":{"line":12,"column":8},"end":{"line":12,"column":26}},"8":{"start":{"line":14,"column":8},"end":{"line":14,"column":51}},"9":{"start":{"line":18,"column":0},"end":{"line":27,"column":1}},"10":{"start":{"line":19,"column":21},"end":{"line":19,"column":29}},"11":{"start":{"line":21,"column":4},"end":{"line":26,"column":7}},"12":{"start":{"line":23,"column":8},"end":{"line":23,"column":27}},"13":{"start":{"line":25,"column":8},"end":{"line":25,"column":63}},"14":{"start":{"line":29,"column":0},"end":{"line":37,"column":1}},"15":{"start":{"line":30,"column":24},"end":{"line":30,"column":34}},"16":{"start":{"line":31,"column":4},"end":{"line":36,"column":7}},"17":{"start":{"line":33,"column":8},"end":{"line":33,"column":40}},"18":{"start":{"line":35,"column":8},"end":{"line":35,"column":63}},"19":{"start":{"line":39,"column":0},"end":{"line":47,"column":1}},"20":{"start":{"line":40,"column":21},"end":{"line":40,"column":31}},"21":{"start":{"line":41,"column":4},"end":{"line":46,"column":6}},"22":{"start":{"line":43,"column":8},"end":{"line":43,"column":48}},"23":{"start":{"line":45,"column":8},"end":{"line":45,"column":57}},"24":{"start":{"line":49,"column":0},"end":{"line":58,"column":1}},"25":{"start":{"line":50,"column":24},"end":{"line":50,"column":34}},"26":{"start":{"line":51,"column":38},"end":{"line":51,"column":46}},"27":{"start":{"line":52,"column":4},"end":{"line":57,"column":7}},"28":{"start":{"line":54,"column":8},"end":{"line":54,"column":52}},"29":{"start":{"line":56,"column":8},"end":{"line":56,"column":63}}},"fnMap":{"0":{"name":"(anonymous_0)","decl":{"start":{"line":3,"column":18},"end":{"line":3,"column":19}},"loc":{"start":{"line":3,"column":38},"end":{"line":16,"column":1}},"line":3},"1":{"name":"(anonymous_1)","decl":{"start":{"line":18,"column":24},"end":{"line":18,"column":25}},"loc":{"start":{"line":18,"column":44},"end":{"line":27,"column":1}},"line":18},"2":{"name":"(anonymous_2)","decl":{"start":{"line":22,"column":10},"end":{"line":22,"column":11}},"loc":{"start":{"line":22,"column":22},"end":{"line":24,"column":5}},"line":22},"3":{"name":"(anonymous_3)","decl":{"start":{"line":24,"column":13},"end":{"line":24,"column":14}},"loc":{"start":{"line":24,"column":20},"end":{"line":26,"column":5}},"line":24},"4":{"name":"(anonymous_4)","decl":{"start":{"line":29,"column":24},"end":{"line":29,"column":25}},"loc":{"start":{"line":29,"column":44},"end":{"line":37,"column":1}},"line":29},"5":{"name":"(anonymous_5)","decl":{"start":{"line":32,"column":10},"end":{"line":32,"column":11}},"loc":{"start":{"line":32,"column":21},"end":{"line":34,"column":5}},"line":32},"6":{"name":"(anonymous_6)","decl":{"start":{"line":34,"column":13},"end":{"line":34,"column":14}},"loc":{"start":{"line":34,"column":20},"end":{"line":36,"column":5}},"line":34},"7":{"name":"(anonymous_7)","decl":{"start":{"line":39,"column":30},"end":{"line":39,"column":31}},"loc":{"start":{"line":39,"column":50},"end":{"line":47,"column":1}},"line":39},"8":{"name":"(anonymous_8)","decl":{"start":{"line":42,"column":10},"end":{"line":42,"column":11}},"loc":{"start":{"line":42,"column":22},"end":{"line":44,"column":5}},"line":42},"9":{"name":"(anonymous_9)","decl":{"start":{"line":44,"column":13},"end":{"line":44,"column":14}},"loc":{"start":{"line":44,"column":20},"end":{"line":46,"column":5}},"line":44},"10":{"name":"(anonymous_10)","decl":{"start":{"line":49,"column":24},"end":{"line":49,"column":25}},"loc":{"start":{"line":49,"column":44},"end":{"line":58,"column":1}},"line":49},"11":{"name":"(anonymous_11)","decl":{"start":{"line":53,"column":10},"end":{"line":53,"column":11}},"loc":{"start":{"line":53,"column":21},"end":{"line":55,"column":5}},"line":53},"12":{"name":"(anonymous_12)","decl":{"start":{"line":55,"column":13},"end":{"line":55,"column":14}},"loc":{"start":{"line":55,"column":20},"end":{"line":57,"column":5}},"line":55}},"branchMap":{"0":{"loc":{"start":{"line":6,"column":4},"end":{"line":9,"column":5}},"type":"switch","locations":[{"start":{"line":7,"column":8},"end":{"line":8,"column":68}}],"line":6}},"s":{"0":1,"1":1,"2":0,"3":0,"4":0,"5":0,"6":0,"7":0,"8":0,"9":1,"10":0,"11":0,"12":0,"13":0,"14":1,"15":0,"16":0,"17":0,"18":0,"19":1,"20":0,"21":0,"22":0,"23":0,"24":1,"25":0,"26":0,"27":0,"28":0,"29":0},"f":{"0":0,"1":0,"2":0,"3":0,"4":0,"5":0,"6":0,"7":0,"8":0,"9":0,"10":0,"11":0,"12":0},"b":{"0":[0]},"_coverageSchema":"1a1c01bbd47fc00a2c39e90264f33305004495a9","hash":"4651b6e8011f9359e0052e40a2c759709620ffba"}
,"C:\\Project-swu\\backend\\controllers\\communityController.js": {"path":"C:\\Project-swu\\backend\\controllers\\communityController.js","statementMap":{"0":{"start":{"line":1,"column":21},"end":{"line":1,"column":53}},"1":{"start":{"line":3,"column":0},"end":{"line":17,"column":1}},"2":{"start":{"line":4,"column":32},"end":{"line":4,"column":40}},"3":{"start":{"line":6,"column":4},"end":{"line":9,"column":5}},"4":{"start":{"line":8,"column":12},"end":{"line":8,"column":70}},"5":{"start":{"line":11,"column":4},"end":{"line":16,"column":5}},"6":{"start":{"line":12,"column":26},"end":{"line":12,"column":70}},"7":{"start":{"line":13,"column":8},"end":{"line":13,"column":28}},"8":{"start":{"line":15,"column":8},"end":{"line":15,"column":51}},"9":{"start":{"line":19,"column":0},"end":{"line":26,"column":1}},"10":{"start":{"line":20,"column":4},"end":{"line":25,"column":7}},"11":{"start":{"line":22,"column":8},"end":{"line":22,"column":24}},"12":{"start":{"line":24,"column":8},"end":{"line":24,"column":63}},"13":{"start":{"line":28,"column":0},"end":{"line":36,"column":1}},"14":{"start":{"line":29,"column":21},"end":{"line":29,"column":31}},"15":{"start":{"line":30,"column":4},"end":{"line":35,"column":7}},"16":{"start":{"line":32,"column":8},"end":{"line":32,"column":45}},"17":{"start":{"line":34,"column":8},"end":{"line":34,"column":63}},"18":{"start":{"line":38,"column":0},"end":{"line":47,"column":1}},"19":{"start":{"line":39,"column":21},"end":{"line":39,"column":31}},"20":{"start":{"line":40,"column":30},"end":{"line":40,"column":38}},"21":{"start":{"line":41,"column":4},"end":{"line":46,"column":6}},"22":{"start":{"line":43,"column":8},"end":{"line":43,"column":49}},"23":{"start":{"line":45,"column":8},"end":{"line":45,"column":63}}},"fnMap":{"0":{"name":"(anonymous_0)","decl":{"start":{"line":3,"column":17},"end":{"line":3,"column":18}},"loc":{"start":{"line":3,"column":37},"end":{"line":17,"column":1}},"line":3},"1":{"name":"(anonymous_1)","decl":{"start":{"line":19,"column":22},"end":{"line":19,"column":23}},"loc":{"start":{"line":19,"column":36},"end":{"line":26,"column":1}},"line":19},"2":{"name":"(anonymous_2)","decl":{"start":{"line":21,"column":10},"end":{"line":21,"column":11}},"loc":{"start":{"line":21,"column":19},"end":{"line":23,"column":5}},"line":21},"3":{"name":"(anonymous_3)","decl":{"start":{"line":23,"column":13},"end":{"line":23,"column":14}},"loc":{"start":{"line":23,"column":20},"end":{"line":25,"column":5}},"line":23},"4":{"name":"(anonymous_4)","decl":{"start":{"line":28,"column":21},"end":{"line":28,"column":22}},"loc":{"start":{"line":28,"column":35},"end":{"line":36,"column":1}},"line":28},"5":{"name":"(anonymous_5)","decl":{"start":{"line":31,"column":10},"end":{"line":31,"column":11}},"loc":{"start":{"line":31,"column":18},"end":{"line":33,"column":5}},"line":31},"6":{"name":"(anonymous_6)","decl":{"start":{"line":33,"column":13},"end":{"line":33,"column":14}},"loc":{"start":{"line":33,"column":20},"end":{"line":35,"column":5}},"line":33},"7":{"name":"(anonymous_7)","decl":{"start":{"line":38,"column":21},"end":{"line":38,"column":22}},"loc":{"start":{"line":38,"column":35},"end":{"line":47,"column":1}},"line":38},"8":{"name":"(anonymous_8)","decl":{"start":{"line":42,"column":10},"end":{"line":42,"column":11}},"loc":{"start":{"line":42,"column":18},"end":{"line":44,"column":5}},"line":42},"9":{"name":"(anonymous_9)","decl":{"start":{"line":44,"column":13},"end":{"line":44,"column":14}},"loc":{"start":{"line":44,"column":20},"end":{"line":46,"column":5}},"line":44}},"branchMap":{"0":{"loc":{"start":{"line":6,"column":4},"end":{"line":9,"column":5}},"type":"switch","locations":[{"start":{"line":7,"column":8},"end":{"line":8,"column":70}}],"line":6}},"s":{"0":1,"1":1,"2":0,"3":0,"4":0,"5":0,"6":0,"7":0,"8":0,"9":1,"10":0,"11":0,"12":0,"13":1,"14":0,"15":0,"16":0,"17":0,"18":1,"19":0,"20":0,"21":0,"22":0,"23":0},"f":{"0":0,"1":0,"2":0,"3":0,"4":0,"5":0,"6":0,"7":0,"8":0,"9":0},"b":{"0":[0]},"_coverageSchema":"1a1c01bbd47fc00a2c39e90264f33305004495a9","hash":"e1067e72cfe0c982a36cc812e9f352221f7c0633"}
,"C:\\Project-swu\\backend\\models\\Comments.js": {"path":"C:\\Project-swu\\backend\\models\\Comments.js","statementMap":{"0":{"start":{"line":1,"column":17},"end":{"line":1,"column":36}},"1":{"start":{"line":3,"column":22},"end":{"line":16,"column":22}},"2":{"start":{"line":18,"column":0},"end":{"line":18,"column":59}}},"fnMap":{},"branchMap":{},"s":{"0":1,"1":1,"2":1},"f":{},"b":{},"_coverageSchema":"1a1c01bbd47fc00a2c39e90264f33305004495a9","hash":"d2745582ae7c2c3a78372e5af50ef628942654d5"}
,"C:\\Project-swu\\backend\\models\\Communities.js": {"path":"C:\\Project-swu\\backend\\models\\Communities.js","statementMap":{"0":{"start":{"line":1,"column":17},"end":{"line":1,"column":36}},"1":{"start":{"line":3,"column":24},"end":{"line":12,"column":22}},"2":{"start":{"line":14,"column":0},"end":{"line":14,"column":64}}},"fnMap":{},"branchMap":{},"s":{"0":1,"1":1,"2":1},"f":{},"b":{},"_coverageSchema":"1a1c01bbd47fc00a2c39e90264f33305004495a9","hash":"30791d1a3f4e034cf69e12f219f031a7cfd84b38"}
,"C:\\Project-swu\\backend\\models\\Users.js": {"path":"C:\\Project-swu\\backend\\models\\Users.js","statementMap":{"0":{"start":{"line":1,"column":17},"end":{"line":1,"column":36}},"1":{"start":{"line":2,"column":15},"end":{"line":2,"column":32}},"2":{"start":{"line":4,"column":19},"end":{"line":24,"column":22}},"3":{"start":{"line":26,"column":0},"end":{"line":35,"column":3}},"4":{"start":{"line":27,"column":17},"end":{"line":27,"column":21}},"5":{"start":{"line":29,"column":4},"end":{"line":34,"column":6}},"6":{"start":{"line":30,"column":8},"end":{"line":30,"column":28}},"7":{"start":{"line":31,"column":8},"end":{"line":31,"column":14}},"8":{"start":{"line":33,"column":8},"end":{"line":33,"column":27}},"9":{"start":{"line":37,"column":0},"end":{"line":37,"column":53}}},"fnMap":{"0":{"name":"(anonymous_0)","decl":{"start":{"line":26,"column":23},"end":{"line":26,"column":24}},"loc":{"start":{"line":26,"column":38},"end":{"line":35,"column":1}},"line":26},"1":{"name":"(anonymous_1)","decl":{"start":{"line":29,"column":40},"end":{"line":29,"column":41}},"loc":{"start":{"line":29,"column":48},"end":{"line":32,"column":5}},"line":29},"2":{"name":"(anonymous_2)","decl":{"start":{"line":32,"column":13},"end":{"line":32,"column":14}},"loc":{"start":{"line":32,"column":20},"end":{"line":34,"column":5}},"line":32}},"branchMap":{},"s":{"0":1,"1":1,"2":1,"3":1,"4":0,"5":0,"6":0,"7":0,"8":0,"9":1},"f":{"0":0,"1":0,"2":0},"b":{},"_coverageSchema":"1a1c01bbd47fc00a2c39e90264f33305004495a9","hash":"e67a18f9bdd50d6b9c0aafab7e29b93845ec63f8"}
,"C:\\Project-swu\\backend\\routes\\auth.js": {"path":"C:\\Project-swu\\backend\\routes\\auth.js","statementMap":{"0":{"start":{"line":1,"column":16},"end":{"line":1,"column":34}},"1":{"start":{"line":2,"column":15},"end":{"line":2,"column":31}},"2":{"start":{"line":3,"column":33},"end":{"line":3,"column":73}},"3":{"start":{"line":5,"column":0},"end":{"line":5,"column":45}},"4":{"start":{"line":6,"column":0},"end":{"line":6,"column":29}},"5":{"start":{"line":8,"column":0},"end":{"line":8,"column":24}}},"fnMap":{},"branchMap":{},"s":{"0":1,"1":1,"2":1,"3":1,"4":1,"5":1},"f":{},"b":{},"_coverageSchema":"1a1c01bbd47fc00a2c39e90264f33305004495a9","hash":"6255210b3eaef6687efa9bd23ccefed3cc9b6702"}
,"C:\\Project-swu\\backend\\routes\\comment.js": {"path":"C:\\Project-swu\\backend\\routes\\comment.js","statementMap":{"0":{"start":{"line":1,"column":16},"end":{"line":1,"column":34}},"1":{"start":{"line":2,"column":15},"end":{"line":2,"column":31}},"2":{"start":{"line":3,"column":86},"end":{"line":3,"column":129}},"3":{"start":{"line":4,"column":25},"end":{"line":4,"column":65}},"4":{"start":{"line":6,"column":0},"end":{"line":6,"column":40}},"5":{"start":{"line":7,"column":0},"end":{"line":7,"column":47}},"6":{"start":{"line":8,"column":0},"end":{"line":8,"column":66}},"7":{"start":{"line":9,"column":0},"end":{"line":9,"column":75}},"8":{"start":{"line":10,"column":0},"end":{"line":10,"column":63}},"9":{"start":{"line":12,"column":0},"end":{"line":12,"column":23}}},"fnMap":{},"branchMap":{},"s":{"0":1,"1":1,"2":1,"3":1,"4":1,"5":1,"6":1,"7":1,"8":1,"9":1},"f":{},"b":{},"_coverageSchema":"1a1c01bbd47fc00a2c39e90264f33305004495a9","hash":"29920e0bc4c1ea99c88ac5aa5e2edc65556a0e48"}
,"C:\\Project-swu\\backend\\routes\\community.js": {"path":"C:\\Project-swu\\backend\\routes\\community.js","statementMap":{"0":{"start":{"line":1,"column":16},"end":{"line":1,"column":34}},"1":{"start":{"line":2,"column":15},"end":{"line":2,"column":31}},"2":{"start":{"line":3,"column":56},"end":{"line":3,"column":101}},"3":{"start":{"line":4,"column":25},"end":{"line":4,"column":65}},"4":{"start":{"line":6,"column":0},"end":{"line":6,"column":34}},"5":{"start":{"line":7,"column":0},"end":{"line":7,"column":45}},"6":{"start":{"line":8,"column":0},"end":{"line":8,"column":57}},"7":{"start":{"line":9,"column":0},"end":{"line":9,"column":54}},"8":{"start":{"line":11,"column":0},"end":{"line":11,"column":24}}},"fnMap":{},"branchMap":{},"s":{"0":1,"1":1,"2":1,"3":1,"4":1,"5":1,"6":1,"7":1,"8":1},"f":{},"b":{},"_coverageSchema":"1a1c01bbd47fc00a2c39e90264f33305004495a9","hash":"959ec214d599f980fe04013f3be4454200d4bf01"}
}
