TN:
SF:server.js
FN:16,(anonymous_0)
FN:17,(anonymous_1)
FN:28,(anonymous_2)
FNF:3
FNH:1
FNDA:0,(anonymous_0)
FNDA:0,(anonymous_1)
FNDA:1,(anonymous_2)
DA:1,1
DA:2,1
DA:3,1
DA:4,1
DA:5,1
DA:7,1
DA:8,1
DA:9,1
DA:11,1
DA:13,1
DA:16,0
DA:17,0
DA:19,1
DA:20,1
DA:21,1
DA:23,1
DA:24,1
DA:25,1
DA:27,1
DA:28,1
DA:30,1
LF:21
LH:19
BRDA:27,0,0,1
BRDA:27,0,1,0
BRF:2
BRH:1
end_of_record
TN:
SF:controllers\authController.js
FN:6,(anonymous_0)
FN:29,(anonymous_1)
FN:37,(anonymous_2)
FN:43,(anonymous_3)
FN:51,(anonymous_4)
FN:54,(anonymous_5)
FNF:6
FNH:0
FNDA:0,(anonymous_0)
FNDA:0,(anonymous_1)
FNDA:0,(anonymous_2)
FNDA:0,(anonymous_3)
FNDA:0,(anonymous_4)
FNDA:0,(anonymous_5)
DA:1,1
DA:2,1
DA:3,1
DA:4,1
DA:6,1
DA:7,0
DA:8,0
DA:10,0
DA:12,0
DA:14,0
DA:17,0
DA:18,0
DA:19,0
DA:21,0
DA:22,0
DA:24,0
DA:29,1
DA:30,0
DA:32,0
DA:33,0
DA:36,0
DA:38,0
DA:39,0
DA:41,0
DA:43,0
DA:44,0
DA:45,0
DA:47,0
DA:49,0
DA:52,0
DA:55,0
DA:59,1
LF:32
LH:7
BRDA:10,0,0,0
BRDA:10,0,1,0
BRDA:21,1,0,0
BRDA:21,1,1,0
BRDA:32,2,0,0
BRDA:32,2,1,0
BRDA:32,3,0,0
BRDA:32,3,1,0
BRDA:38,4,0,0
BRDA:38,4,1,0
BRDA:44,5,0,0
BRDA:44,5,1,0
BRF:12
BRH:0
end_of_record
TN:
SF:controllers\commentController.js
FN:3,(anonymous_0)
FN:18,(anonymous_1)
FN:22,(anonymous_2)
FN:24,(anonymous_3)
FN:29,(anonymous_4)
FN:32,(anonymous_5)
FN:34,(anonymous_6)
FN:39,(anonymous_7)
FN:42,(anonymous_8)
FN:44,(anonymous_9)
FN:49,(anonymous_10)
FN:53,(anonymous_11)
FN:55,(anonymous_12)
FNF:13
FNH:0
FNDA:0,(anonymous_0)
FNDA:0,(anonymous_1)
FNDA:0,(anonymous_2)
FNDA:0,(anonymous_3)
FNDA:0,(anonymous_4)
FNDA:0,(anonymous_5)
FNDA:0,(anonymous_6)
FNDA:0,(anonymous_7)
FNDA:0,(anonymous_8)
FNDA:0,(anonymous_9)
FNDA:0,(anonymous_10)
FNDA:0,(anonymous_11)
FNDA:0,(anonymous_12)
DA:1,1
DA:3,1
DA:4,0
DA:6,0
DA:8,0
DA:10,0
DA:11,0
DA:12,0
DA:14,0
DA:18,1
DA:19,0
DA:21,0
DA:23,0
DA:25,0
DA:29,1
DA:30,0
DA:31,0
DA:33,0
DA:35,0
DA:39,1
DA:40,0
DA:41,0
DA:43,0
DA:45,0
DA:49,1
DA:50,0
DA:51,0
DA:52,0
DA:54,0
DA:56,0
LF:30
LH:6
BRDA:6,0,0,0
BRF:1
BRH:0
end_of_record
TN:
SF:controllers\communityController.js
FN:3,(anonymous_0)
FN:19,(anonymous_1)
FN:21,(anonymous_2)
FN:23,(anonymous_3)
FN:28,(anonymous_4)
FN:31,(anonymous_5)
FN:33,(anonymous_6)
FN:38,(anonymous_7)
FN:42,(anonymous_8)
FN:44,(anonymous_9)
FNF:10
FNH:0
FNDA:0,(anonymous_0)
FNDA:0,(anonymous_1)
FNDA:0,(anonymous_2)
FNDA:0,(anonymous_3)
FNDA:0,(anonymous_4)
FNDA:0,(anonymous_5)
FNDA:0,(anonymous_6)
FNDA:0,(anonymous_7)
FNDA:0,(anonymous_8)
FNDA:0,(anonymous_9)
DA:1,1
DA:3,1
DA:4,0
DA:6,0
DA:8,0
DA:11,0
DA:12,0
DA:13,0
DA:15,0
DA:19,1
DA:20,0
DA:22,0
DA:24,0
DA:28,1
DA:29,0
DA:30,0
DA:32,0
DA:34,0
DA:38,1
DA:39,0
DA:40,0
DA:41,0
DA:43,0
DA:45,0
LF:24
LH:5
BRDA:6,0,0,0
BRF:1
BRH:0
end_of_record
TN:
SF:models\Comments.js
FNF:0
FNH:0
DA:1,1
DA:3,1
DA:18,1
LF:3
LH:3
BRF:0
BRH:0
end_of_record
TN:
SF:models\Communities.js
FNF:0
FNH:0
DA:1,1
DA:3,1
DA:14,1
LF:3
LH:3
BRF:0
BRH:0
end_of_record
TN:
SF:models\Users.js
FN:26,(anonymous_0)
FN:29,(anonymous_1)
FN:32,(anonymous_2)
FNF:3
FNH:0
FNDA:0,(anonymous_0)
FNDA:0,(anonymous_1)
FNDA:0,(anonymous_2)
DA:1,1
DA:2,1
DA:4,1
DA:26,1
DA:27,0
DA:29,0
DA:30,0
DA:31,0
DA:33,0
DA:37,1
LF:10
LH:5
BRF:0
BRH:0
end_of_record
TN:
SF:routes\auth.js
FNF:0
FNH:0
DA:1,1
DA:2,1
DA:3,1
DA:5,1
DA:6,1
DA:8,1
LF:6
LH:6
BRF:0
BRH:0
end_of_record
TN:
SF:routes\comment.js
FNF:0
FNH:0
DA:1,1
DA:2,1
DA:3,1
DA:4,1
DA:6,1
DA:7,1
DA:8,1
DA:9,1
DA:10,1
DA:12,1
LF:10
LH:10
BRF:0
BRH:0
end_of_record
TN:
SF:routes\community.js
FNF:0
FNH:0
DA:1,1
DA:2,1
DA:3,1
DA:4,1
DA:6,1
DA:7,1
DA:8,1
DA:9,1
DA:11,1
LF:9
LH:9
BRF:0
BRH:0
end_of_record
